<?xml version="1.0" encoding="utf-8"?>
<TestRun id="8e8d5ac5-5c0e-4773-8661-bc08eee34f33" name="Hedkandi@XANDRIAN 2025-08-29 08:03:33" runUser="xandrian\Hedkandi" xmlns="http://microsoft.com/schemas/VisualStudio/TeamTest/2010">
  <Times creation="2025-08-29T08:03:33.6035861+02:00" queuing="2025-08-29T08:03:33.6035865+02:00" start="2025-08-29T08:03:33.2251881+02:00" finish="2025-08-29T08:03:33.6069950+02:00" />
  <TestSettings name="default" id="450e711e-885d-412b-8c60-296a52adfc3f">
    <Deployment runDeploymentRoot="Hedkandi_XANDRIAN_2025-08-29_08_03_33" />
  </TestSettings>
  <Results>
    <UnitTestResult executionId="8eee5b54-9c84-4d31-9043-86e06f400a49" testId="13c676e9-f11d-6634-fc32-7f46e5800877" testName="TaskHub.Server.Tests.CommandExecutorTests.ExecuteChain_RunsCommandsInParallel" computerName="XANDRIAN" duration="00:00:00.0084773" startTime="2025-08-29T08:03:33.5533670+02:00" endTime="2025-08-29T08:03:33.5533755+02:00" testType="13cdc9d9-ddb5-4fa4-a97d-d965ccfc6d4b" outcome="Failed" testListId="8c84fa94-04c1-424b-9868-57a2d4851a1d" relativeResultsDirectory="8eee5b54-9c84-4d31-9043-86e06f400a49">
      <Output>
        <ErrorInfo>
          <Message>System.InvalidCastException : Unable to cast object of type 'System.Collections.Concurrent.ConcurrentDictionary`2[System.String,System.ValueTuple`4[System.Type,TaskHub.Server.PluginLoadContext,System.String,System.Version]]' to type 'System.Collections.Generic.Dictionary`2[System.String,System.ValueTuple`4[System.Type,TaskHub.Server.PluginLoadContext,System.String,System.Version]]'.</Message>
          <StackTrace>   at TaskHub.Server.Tests.CommandExecutorTests.CreateManager(Dictionary`2 handlers, Type serviceType) in D:\devtest\TaskHub\tests\TaskHub.Server.Tests\CommandExecutorTests.cs:line 25&#xD;
   at TaskHub.Server.Tests.CommandExecutorTests.CreateExecutor(Dictionary`2 handlers, Type serviceType) in D:\devtest\TaskHub\tests\TaskHub.Server.Tests\CommandExecutorTests.cs:line 40&#xD;
   at TaskHub.Server.Tests.CommandExecutorTests.ExecuteChain_RunsCommandsInParallel() in D:\devtest\TaskHub\tests\TaskHub.Server.Tests\CommandExecutorTests.cs:line 52&#xD;
--- End of stack trace from previous location ---</StackTrace>
        </ErrorInfo>
      </Output>
    </UnitTestResult>
  </Results>
  <TestDefinitions>
    <UnitTest name="TaskHub.Server.Tests.CommandExecutorTests.ExecuteChain_RunsCommandsInParallel" storage="d:\devtest\taskhub\tests\taskhub.server.tests\bin\debug\net8.0\taskhub.server.tests.dll" id="13c676e9-f11d-6634-fc32-7f46e5800877">
      <Execution id="8eee5b54-9c84-4d31-9043-86e06f400a49" />
      <TestMethod codeBase="D:\devtest\TaskHub\tests\TaskHub.Server.Tests\bin\Debug\net8.0\TaskHub.Server.Tests.dll" adapterTypeName="executor://xunit/VsTestRunner2/netcoreapp" className="TaskHub.Server.Tests.CommandExecutorTests" name="ExecuteChain_RunsCommandsInParallel" />
    </UnitTest>
  </TestDefinitions>
  <TestEntries>
    <TestEntry testId="13c676e9-f11d-6634-fc32-7f46e5800877" executionId="8eee5b54-9c84-4d31-9043-86e06f400a49" testListId="8c84fa94-04c1-424b-9868-57a2d4851a1d" />
  </TestEntries>
  <TestLists>
    <TestList name="Results Not in a List" id="8c84fa94-04c1-424b-9868-57a2d4851a1d" />
    <TestList name="All Loaded Results" id="19431567-8539-422a-85d7-44ee4e166bda" />
  </TestLists>
  <ResultSummary outcome="Failed">
    <Counters total="1" executed="1" passed="0" failed="1" error="0" timeout="0" aborted="0" inconclusive="0" passedButRunAborted="0" notRunnable="0" notExecuted="0" disconnected="0" warning="0" completed="0" inProgress="0" pending="0" />
    <Output>
      <StdOut>[xUnit.net 00:00:00.00] xUnit.net VSTest Adapter v2.5.0.1+5ebf84cd75 (64-bit .NET 8.0.19)&#xD;
[xUnit.net 00:00:00.04]   Discovering: TaskHub.Server.Tests&#xD;
[xUnit.net 00:00:00.05]   Discovered:  TaskHub.Server.Tests&#xD;
[xUnit.net 00:00:00.06]   Starting:    TaskHub.Server.Tests&#xD;
[xUnit.net 00:00:00.09]       System.InvalidCastException : Unable to cast object of type 'System.Collections.Concurrent.ConcurrentDictionary`2[System.String,System.ValueTuple`4[System.Type,TaskHub.Server.PluginLoadContext,System.String,System.Version]]' to type 'System.Collections.Generic.Dictionary`2[System.String,System.ValueTuple`4[System.Type,TaskHub.Server.PluginLoadContext,System.String,System.Version]]'.&#xD;
[xUnit.net 00:00:00.09]       Stack Trace:&#xD;
[xUnit.net 00:00:00.09]         D:\devtest\TaskHub\tests\TaskHub.Server.Tests\CommandExecutorTests.cs(25,0): at TaskHub.Server.Tests.CommandExecutorTests.CreateManager(Dictionary`2 handlers, Type serviceType)&#xD;
[xUnit.net 00:00:00.10]         D:\devtest\TaskHub\tests\TaskHub.Server.Tests\CommandExecutorTests.cs(40,0): at TaskHub.Server.Tests.CommandExecutorTests.CreateExecutor(Dictionary`2 handlers, Type serviceType)&#xD;
[xUnit.net 00:00:00.10]         D:\devtest\TaskHub\tests\TaskHub.Server.Tests\CommandExecutorTests.cs(52,0): at TaskHub.Server.Tests.CommandExecutorTests.ExecuteChain_RunsCommandsInParallel()&#xD;
[xUnit.net 00:00:00.10]         --- End of stack trace from previous location ---&#xD;
[xUnit.net 00:00:00.10]   Finished:    TaskHub.Server.Tests&#xD;
</StdOut>
    </Output>
    <RunInfos>
      <RunInfo computerName="XANDRIAN" outcome="Error" timestamp="2025-08-29T08:03:33.5522548+02:00">
        <Text>[xUnit.net 00:00:00.09]     TaskHub.Server.Tests.CommandExecutorTests.ExecuteChain_RunsCommandsInParallel [FAIL]</Text>
      </RunInfo>
    </RunInfos>
  </ResultSummary>
</TestRun>